2023-11-16T22:25:44.336+03:00  INFO 17244 --- [main] .b.t.u.r.CharCounterExceptionHandlerTest : Starting CharCounterExceptionHandlerTest using Java 20.0.2 with PID 17244 (started by Acid Kiss Records in e:\IT\Java_Education_Projects\t1consalting\t1consalting)
2023-11-16T22:25:44.337+03:00  INFO 17244 --- [main] .b.t.u.r.CharCounterExceptionHandlerTest : No active profile set, falling back to 1 default profile: "default"
2023-11-16T22:25:46.061+03:00  INFO 17244 --- [main] o.s.b.t.m.w.SpringBootMockServletContext : Initializing Spring TestDispatcherServlet ''
2023-11-16T22:25:46.061+03:00  INFO 17244 --- [main] o.s.t.web.servlet.TestDispatcherServlet  : Initializing Servlet ''
2023-11-16T22:25:46.062+03:00  INFO 17244 --- [main] o.s.t.web.servlet.TestDispatcherServlet  : Completed initialization in 1 ms
2023-11-16T22:25:46.089+03:00  INFO 17244 --- [main] .b.t.u.r.CharCounterExceptionHandlerTest : Started CharCounterExceptionHandlerTest in 2.019 seconds (process running for 2.615)
2023-11-16T22:25:46.129+03:00  INFO 17244 --- [main] o.s.mock.web.MockServletContext          : Initializing Spring TestDispatcherServlet ''
2023-11-16T22:25:46.130+03:00  INFO 17244 --- [main] o.s.t.web.servlet.TestDispatcherServlet  : Initializing Servlet ''
2023-11-16T22:25:46.130+03:00  INFO 17244 --- [main] o.s.t.web.servlet.TestDispatcherServlet  : Completed initialization in 0 ms
2023-11-16T22:25:46.261+03:00 ERROR 17244 --- [main] o.b.t.e.CharCounterExceptionHandler      : After removing spaces there is nothing to count
2023-11-16T22:25:46.328+03:00  INFO 17244 --- [main] o.s.mock.web.MockServletContext          : Initializing Spring TestDispatcherServlet ''
2023-11-16T22:25:46.329+03:00  INFO 17244 --- [main] o.s.t.web.servlet.TestDispatcherServlet  : Initializing Servlet ''
2023-11-16T22:25:46.329+03:00  INFO 17244 --- [main] o.s.t.web.servlet.TestDispatcherServlet  : Completed initialization in 0 ms
2023-11-16T22:25:46.340+03:00 ERROR 17244 --- [main] o.b.t.e.CharCounterExceptionHandler      : Validation failed for argument [0] in public org.springframework.http.ResponseEntity<org.bogdanovtimm.t1consalting.response.HttpResponse> org.bogdanovtimm.t1consalting.rest.CharCounterRest.countChars(org.bogdanovtimm.t1consalting.form.CharCounterForm): [Field error in object 'charCounterForm' on field 'text': rejected value []; codes [NotEmpty.charCounterForm.text,NotEmpty.text,NotEmpty.java.lang.String,NotEmpty]; arguments [org.springframework.context.support.DefaultMessageSourceResolvable: codes [charCounterForm.text,text]; arguments []; default message [text]]; default message [Text must not be blank]] 
2023-11-16T22:25:46.354+03:00  INFO 17244 --- [main] t.c.s.AnnotationConfigContextLoaderUtils : Could not detect default configuration classes for test class [org.bogdanovtimm.t1consalting.unit.rest.CharCounterRestTest]: CharCounterRestTest does not declare any static, non-private, non-final, nested classes annotated with @Configuration.
2023-11-16T22:25:46.361+03:00  INFO 17244 --- [main] .b.t.c.SpringBootTestContextBootstrapper : Found @SpringBootConfiguration org.bogdanovtimm.t1consalting.ApplicationRunner for test class org.bogdanovtimm.t1consalting.unit.rest.CharCounterRestTest
2023-11-16T22:25:46.396+03:00  INFO 17244 --- [main] o.b.t.unit.rest.CharCounterRestTest      : Starting CharCounterRestTest using Java 20.0.2 with PID 17244 (started by Acid Kiss Records in e:\IT\Java_Education_Projects\t1consalting\t1consalting)
2023-11-16T22:25:46.396+03:00  INFO 17244 --- [main] o.b.t.unit.rest.CharCounterRestTest      : No active profile set, falling back to 1 default profile: "default"
2023-11-16T22:25:46.717+03:00  INFO 17244 --- [main] o.s.b.t.m.w.SpringBootMockServletContext : Initializing Spring TestDispatcherServlet ''
2023-11-16T22:25:46.717+03:00  INFO 17244 --- [main] o.s.t.web.servlet.TestDispatcherServlet  : Initializing Servlet ''
2023-11-16T22:25:46.718+03:00  INFO 17244 --- [main] o.s.t.web.servlet.TestDispatcherServlet  : Completed initialization in 0 ms
2023-11-16T22:25:46.725+03:00  INFO 17244 --- [main] o.b.t.unit.rest.CharCounterRestTest      : Started CharCounterRestTest in 0.36 seconds (process running for 3.251)
2023-11-16T22:25:46.745+03:00  INFO 17244 --- [main] o.s.mock.web.MockServletContext          : Initializing Spring TestDispatcherServlet ''
2023-11-16T22:25:46.745+03:00  INFO 17244 --- [main] o.s.t.web.servlet.TestDispatcherServlet  : Initializing Servlet ''
2023-11-16T22:25:46.746+03:00  INFO 17244 --- [main] o.s.t.web.servlet.TestDispatcherServlet  : Completed initialization in 0 ms
2023-11-16T22:25:46.793+03:00  INFO 17244 --- [main] o.s.mock.web.MockServletContext          : Initializing Spring TestDispatcherServlet ''
2023-11-16T22:25:46.793+03:00  INFO 17244 --- [main] o.s.t.web.servlet.TestDispatcherServlet  : Initializing Servlet ''
2023-11-16T22:25:46.794+03:00  INFO 17244 --- [main] o.s.t.web.servlet.TestDispatcherServlet  : Completed initialization in 0 ms
2023-11-16T22:25:46.814+03:00  INFO 17244 --- [main] o.s.mock.web.MockServletContext          : Initializing Spring TestDispatcherServlet ''
2023-11-16T22:25:46.815+03:00  INFO 17244 --- [main] o.s.t.web.servlet.TestDispatcherServlet  : Initializing Servlet ''
2023-11-16T22:25:46.815+03:00  INFO 17244 --- [main] o.s.t.web.servlet.TestDispatcherServlet  : Completed initialization in 0 ms
2023-11-16T22:25:46.834+03:00  INFO 17244 --- [main] o.s.mock.web.MockServletContext          : Initializing Spring TestDispatcherServlet ''
2023-11-16T22:25:46.834+03:00  INFO 17244 --- [main] o.s.t.web.servlet.TestDispatcherServlet  : Initializing Servlet ''
2023-11-16T22:25:46.834+03:00  INFO 17244 --- [main] o.s.t.web.servlet.TestDispatcherServlet  : Completed initialization in 0 ms
2023-11-16T22:26:26.152+03:00  INFO 9632 --- [main] .b.t.u.r.CharCounterExceptionHandlerTest : Starting CharCounterExceptionHandlerTest using Java 20.0.2 with PID 9632 (started by Acid Kiss Records in e:\IT\Java_Education_Projects\t1consalting\t1consalting)
2023-11-16T22:26:26.154+03:00  INFO 9632 --- [main] .b.t.u.r.CharCounterExceptionHandlerTest : No active profile set, falling back to 1 default profile: "default"
2023-11-16T22:26:27.824+03:00  INFO 9632 --- [main] o.s.b.t.m.w.SpringBootMockServletContext : Initializing Spring TestDispatcherServlet ''
2023-11-16T22:26:27.824+03:00  INFO 9632 --- [main] o.s.t.web.servlet.TestDispatcherServlet  : Initializing Servlet ''
2023-11-16T22:26:27.825+03:00  INFO 9632 --- [main] o.s.t.web.servlet.TestDispatcherServlet  : Completed initialization in 1 ms
2023-11-16T22:26:27.850+03:00  INFO 9632 --- [main] .b.t.u.r.CharCounterExceptionHandlerTest : Started CharCounterExceptionHandlerTest in 1.968 seconds (process running for 2.587)
2023-11-16T22:26:27.890+03:00  INFO 9632 --- [main] o.s.mock.web.MockServletContext          : Initializing Spring TestDispatcherServlet ''
2023-11-16T22:26:27.890+03:00  INFO 9632 --- [main] o.s.t.web.servlet.TestDispatcherServlet  : Initializing Servlet ''
2023-11-16T22:26:27.890+03:00  INFO 9632 --- [main] o.s.t.web.servlet.TestDispatcherServlet  : Completed initialization in 0 ms
2023-11-16T22:26:28.021+03:00 ERROR 9632 --- [main] o.b.t.e.CharCounterExceptionHandler      : After removing spaces there is nothing to count
2023-11-16T22:26:28.088+03:00  INFO 9632 --- [main] o.s.mock.web.MockServletContext          : Initializing Spring TestDispatcherServlet ''
2023-11-16T22:26:28.088+03:00  INFO 9632 --- [main] o.s.t.web.servlet.TestDispatcherServlet  : Initializing Servlet ''
2023-11-16T22:26:28.088+03:00  INFO 9632 --- [main] o.s.t.web.servlet.TestDispatcherServlet  : Completed initialization in 0 ms
2023-11-16T22:26:28.100+03:00 ERROR 9632 --- [main] o.b.t.e.CharCounterExceptionHandler      : Validation failed for argument [0] in public org.springframework.http.ResponseEntity<org.bogdanovtimm.t1consalting.response.HttpResponse> org.bogdanovtimm.t1consalting.rest.CharCounterRest.countChars(org.bogdanovtimm.t1consalting.form.CharCounterForm): [Field error in object 'charCounterForm' on field 'text': rejected value []; codes [NotEmpty.charCounterForm.text,NotEmpty.text,NotEmpty.java.lang.String,NotEmpty]; arguments [org.springframework.context.support.DefaultMessageSourceResolvable: codes [charCounterForm.text,text]; arguments []; default message [text]]; default message [Text must not be blank]] 
2023-11-16T22:26:28.114+03:00  INFO 9632 --- [main] t.c.s.AnnotationConfigContextLoaderUtils : Could not detect default configuration classes for test class [org.bogdanovtimm.t1consalting.unit.rest.CharCounterRestTest]: CharCounterRestTest does not declare any static, non-private, non-final, nested classes annotated with @Configuration.
2023-11-16T22:26:28.122+03:00  INFO 9632 --- [main] .b.t.c.SpringBootTestContextBootstrapper : Found @SpringBootConfiguration org.bogdanovtimm.t1consalting.ApplicationRunner for test class org.bogdanovtimm.t1consalting.unit.rest.CharCounterRestTest
2023-11-16T22:26:28.158+03:00  INFO 9632 --- [main] o.b.t.unit.rest.CharCounterRestTest      : Starting CharCounterRestTest using Java 20.0.2 with PID 9632 (started by Acid Kiss Records in e:\IT\Java_Education_Projects\t1consalting\t1consalting)
2023-11-16T22:26:28.159+03:00  INFO 9632 --- [main] o.b.t.unit.rest.CharCounterRestTest      : No active profile set, falling back to 1 default profile: "default"
2023-11-16T22:26:28.485+03:00  INFO 9632 --- [main] o.s.b.t.m.w.SpringBootMockServletContext : Initializing Spring TestDispatcherServlet ''
2023-11-16T22:26:28.485+03:00  INFO 9632 --- [main] o.s.t.web.servlet.TestDispatcherServlet  : Initializing Servlet ''
2023-11-16T22:26:28.485+03:00  INFO 9632 --- [main] o.s.t.web.servlet.TestDispatcherServlet  : Completed initialization in 0 ms
2023-11-16T22:26:28.493+03:00  INFO 9632 --- [main] o.b.t.unit.rest.CharCounterRestTest      : Started CharCounterRestTest in 0.367 seconds (process running for 3.23)
2023-11-16T22:26:28.513+03:00  INFO 9632 --- [main] o.s.mock.web.MockServletContext          : Initializing Spring TestDispatcherServlet ''
2023-11-16T22:26:28.513+03:00  INFO 9632 --- [main] o.s.t.web.servlet.TestDispatcherServlet  : Initializing Servlet ''
2023-11-16T22:26:28.514+03:00  INFO 9632 --- [main] o.s.t.web.servlet.TestDispatcherServlet  : Completed initialization in 0 ms
2023-11-16T22:26:28.566+03:00  INFO 9632 --- [main] o.s.mock.web.MockServletContext          : Initializing Spring TestDispatcherServlet ''
2023-11-16T22:26:28.566+03:00  INFO 9632 --- [main] o.s.t.web.servlet.TestDispatcherServlet  : Initializing Servlet ''
2023-11-16T22:26:28.566+03:00  INFO 9632 --- [main] o.s.t.web.servlet.TestDispatcherServlet  : Completed initialization in 0 ms
2023-11-16T22:26:28.587+03:00  INFO 9632 --- [main] o.s.mock.web.MockServletContext          : Initializing Spring TestDispatcherServlet ''
2023-11-16T22:26:28.587+03:00  INFO 9632 --- [main] o.s.t.web.servlet.TestDispatcherServlet  : Initializing Servlet ''
2023-11-16T22:26:28.587+03:00  INFO 9632 --- [main] o.s.t.web.servlet.TestDispatcherServlet  : Completed initialization in 0 ms
2023-11-16T22:26:28.602+03:00  INFO 9632 --- [main] o.s.mock.web.MockServletContext          : Initializing Spring TestDispatcherServlet ''
2023-11-16T22:26:28.602+03:00  INFO 9632 --- [main] o.s.t.web.servlet.TestDispatcherServlet  : Initializing Servlet ''
2023-11-16T22:26:28.602+03:00  INFO 9632 --- [main] o.s.t.web.servlet.TestDispatcherServlet  : Completed initialization in 0 ms
2023-11-16T22:26:58.795+03:00  INFO 2568 --- [main] .b.t.u.r.CharCounterExceptionHandlerTest : Starting CharCounterExceptionHandlerTest using Java 20.0.2 with PID 2568 (started by Acid Kiss Records in e:\IT\Java_Education_Projects\t1consalting\t1consalting)
2023-11-16T22:26:58.796+03:00  INFO 2568 --- [main] .b.t.u.r.CharCounterExceptionHandlerTest : No active profile set, falling back to 1 default profile: "default"
2023-11-16T22:27:00.496+03:00  INFO 2568 --- [main] o.s.b.t.m.w.SpringBootMockServletContext : Initializing Spring TestDispatcherServlet ''
2023-11-16T22:27:00.496+03:00  INFO 2568 --- [main] o.s.t.web.servlet.TestDispatcherServlet  : Initializing Servlet ''
2023-11-16T22:27:00.498+03:00  INFO 2568 --- [main] o.s.t.web.servlet.TestDispatcherServlet  : Completed initialization in 2 ms
2023-11-16T22:27:00.530+03:00  INFO 2568 --- [main] .b.t.u.r.CharCounterExceptionHandlerTest : Started CharCounterExceptionHandlerTest in 2.003 seconds (process running for 2.616)
2023-11-16T22:27:00.583+03:00  INFO 2568 --- [main] o.s.mock.web.MockServletContext          : Initializing Spring TestDispatcherServlet ''
2023-11-16T22:27:00.583+03:00  INFO 2568 --- [main] o.s.t.web.servlet.TestDispatcherServlet  : Initializing Servlet ''
2023-11-16T22:27:00.584+03:00  INFO 2568 --- [main] o.s.t.web.servlet.TestDispatcherServlet  : Completed initialization in 0 ms
2023-11-16T22:27:00.743+03:00 ERROR 2568 --- [main] o.b.t.e.CharCounterExceptionHandler      : After removing spaces there is nothing to count
2023-11-16T22:27:00.811+03:00  INFO 2568 --- [main] o.s.mock.web.MockServletContext          : Initializing Spring TestDispatcherServlet ''
2023-11-16T22:27:00.812+03:00  INFO 2568 --- [main] o.s.t.web.servlet.TestDispatcherServlet  : Initializing Servlet ''
2023-11-16T22:27:00.812+03:00  INFO 2568 --- [main] o.s.t.web.servlet.TestDispatcherServlet  : Completed initialization in 0 ms
2023-11-16T22:27:00.824+03:00 ERROR 2568 --- [main] o.b.t.e.CharCounterExceptionHandler      : Validation failed for argument [0] in public org.springframework.http.ResponseEntity<org.bogdanovtimm.t1consalting.response.HttpResponse> org.bogdanovtimm.t1consalting.rest.CharCounterRest.countChars(org.bogdanovtimm.t1consalting.form.CharCounterForm): [Field error in object 'charCounterForm' on field 'text': rejected value []; codes [NotEmpty.charCounterForm.text,NotEmpty.text,NotEmpty.java.lang.String,NotEmpty]; arguments [org.springframework.context.support.DefaultMessageSourceResolvable: codes [charCounterForm.text,text]; arguments []; default message [text]]; default message [Text must not be blank]] 
2023-11-16T22:27:00.838+03:00  INFO 2568 --- [main] t.c.s.AnnotationConfigContextLoaderUtils : Could not detect default configuration classes for test class [org.bogdanovtimm.t1consalting.unit.rest.CharCounterRestTest]: CharCounterRestTest does not declare any static, non-private, non-final, nested classes annotated with @Configuration.
2023-11-16T22:27:00.844+03:00  INFO 2568 --- [main] .b.t.c.SpringBootTestContextBootstrapper : Found @SpringBootConfiguration org.bogdanovtimm.t1consalting.ApplicationRunner for test class org.bogdanovtimm.t1consalting.unit.rest.CharCounterRestTest
2023-11-16T22:27:00.883+03:00  INFO 2568 --- [main] o.b.t.unit.rest.CharCounterRestTest      : Starting CharCounterRestTest using Java 20.0.2 with PID 2568 (started by Acid Kiss Records in e:\IT\Java_Education_Projects\t1consalting\t1consalting)
2023-11-16T22:27:00.884+03:00  INFO 2568 --- [main] o.b.t.unit.rest.CharCounterRestTest      : No active profile set, falling back to 1 default profile: "default"
2023-11-16T22:27:01.194+03:00  INFO 2568 --- [main] o.s.b.t.m.w.SpringBootMockServletContext : Initializing Spring TestDispatcherServlet ''
2023-11-16T22:27:01.194+03:00  INFO 2568 --- [main] o.s.t.web.servlet.TestDispatcherServlet  : Initializing Servlet ''
2023-11-16T22:27:01.194+03:00  INFO 2568 --- [main] o.s.t.web.servlet.TestDispatcherServlet  : Completed initialization in 0 ms
2023-11-16T22:27:01.201+03:00  INFO 2568 --- [main] o.b.t.unit.rest.CharCounterRestTest      : Started CharCounterRestTest in 0.353 seconds (process running for 3.286)
2023-11-16T22:27:01.220+03:00  INFO 2568 --- [main] o.s.mock.web.MockServletContext          : Initializing Spring TestDispatcherServlet ''
2023-11-16T22:27:01.221+03:00  INFO 2568 --- [main] o.s.t.web.servlet.TestDispatcherServlet  : Initializing Servlet ''
2023-11-16T22:27:01.221+03:00  INFO 2568 --- [main] o.s.t.web.servlet.TestDispatcherServlet  : Completed initialization in 0 ms
2023-11-16T22:27:01.269+03:00  INFO 2568 --- [main] o.s.mock.web.MockServletContext          : Initializing Spring TestDispatcherServlet ''
2023-11-16T22:27:01.269+03:00  INFO 2568 --- [main] o.s.t.web.servlet.TestDispatcherServlet  : Initializing Servlet ''
2023-11-16T22:27:01.269+03:00  INFO 2568 --- [main] o.s.t.web.servlet.TestDispatcherServlet  : Completed initialization in 0 ms
2023-11-16T22:27:01.288+03:00  INFO 2568 --- [main] o.s.mock.web.MockServletContext          : Initializing Spring TestDispatcherServlet ''
2023-11-16T22:27:01.289+03:00  INFO 2568 --- [main] o.s.t.web.servlet.TestDispatcherServlet  : Initializing Servlet ''
2023-11-16T22:27:01.289+03:00  INFO 2568 --- [main] o.s.t.web.servlet.TestDispatcherServlet  : Completed initialization in 0 ms
2023-11-16T22:27:01.308+03:00  INFO 2568 --- [main] o.s.mock.web.MockServletContext          : Initializing Spring TestDispatcherServlet ''
2023-11-16T22:27:01.308+03:00  INFO 2568 --- [main] o.s.t.web.servlet.TestDispatcherServlet  : Initializing Servlet ''
2023-11-16T22:27:01.308+03:00  INFO 2568 --- [main] o.s.t.web.servlet.TestDispatcherServlet  : Completed initialization in 0 ms
